#
# There is insufficient memory for the Java Runtime Environment to continue.
# Native memory allocation (malloc) failed to allocate 502256 bytes for Chunk::new
# Possible reasons:
#   The system is out of physical RAM or swap space
#   The process is running with CompressedOops enabled, and the Java Heap may be blocking the growth of the native heap
# Possible solutions:
#   Reduce memory load on the system
#   Increase physical memory or swap space
#   Check if swap backing store is full
#   Decrease Java heap size (-Xmx/-Xms)
#   Decrease number of Java threads
#   Decrease Java thread stack sizes (-Xss)
#   Set larger code cache with -XX:ReservedCodeCacheSize=
#   JVM is running with Unscaled Compressed Oops mode in which the Java heap is
#     placed in the first 4GB address space. The Java Heap base address is the
#     maximum limit for the native heap growth. Please use -XX:HeapBaseMinAddress
#     to set the Java Heap base and to place the Java Heap above 4GB virtual address.
# This output file may be truncated or incomplete.
#
#  Out of Memory Error (./src/hotspot/share/memory/arena.cpp:197), pid=8568, tid=8996
#
# JRE version: OpenJDK Runtime Environment (11.0.10) (build 11.0.10+0-b96-7249189)
# Java VM: OpenJDK 64-Bit Server VM (11.0.10+0-b96-7249189, mixed mode, tiered, compressed oops, g1 gc, windows-amd64)
# No core dump will be written. Minidumps are not enabled by default on client versions of Windows
#

---------------  S U M M A R Y ------------

Command Line: --add-opens=java.base/java.util=ALL-UNNAMED --add-opens=java.base/java.lang=ALL-UNNAMED --add-opens=java.base/java.lang.invoke=ALL-UNNAMED --add-opens=java.base/java.util=ALL-UNNAMED --add-opens=java.prefs/java.util.prefs=ALL-UNNAMED --add-opens=java.prefs/java.util.prefs=ALL-UNNAMED --add-opens=java.base/java.nio.charset=ALL-UNNAMED --add-opens=java.base/java.net=ALL-UNNAMED --add-opens=java.base/java.util.concurrent.atomic=ALL-UNNAMED -Xmx2048m -Dfile.encoding=UTF-8 -Duser.country=US -Duser.language=en -Duser.variant org.gradle.launcher.daemon.bootstrap.GradleDaemon 7.0.2

Host: Intel(R) Core(TM) i5-6300U CPU @ 2.40GHz, 4 cores, 15G,  Windows 10 , 64 bit Build 19041 (10.0.19041.1466)
Time: Wed Jan 26 10:22:05 2022 Central European Standard Time elapsed time: 44.024996 seconds (0d 0h 0m 44s)

---------------  T H R E A D  ---------------

Current thread (0x0000028fc39cb800):  JavaThread "C2 CompilerThread0" daemon [_thread_in_native, id=8996, stack(0x000000d935700000,0x000000d935800000)]


Current CompileTask:
C2:  44025 5835   !   4       java.util.jar.Attributes::read (390 bytes)

Stack: [0x000000d935700000,0x000000d935800000]
Native frames: (J=compiled Java code, j=interpreted, Vv=VM code, C=native code)
V  [jvm.dll+0x5ecfaa]
V  [jvm.dll+0x722bd5]
V  [jvm.dll+0x72412d]
V  [jvm.dll+0x7247e3]
V  [jvm.dll+0x242928]
V  [jvm.dll+0xbc4fc]
V  [jvm.dll+0xbca0c]
V  [jvm.dll+0x2b4fd4]
V  [jvm.dll+0x506028]
V  [jvm.dll+0x203253]
V  [jvm.dll+0x1fd07c]
V  [jvm.dll+0x1fa77f]
V  [jvm.dll+0x18354c]
V  [jvm.dll+0x208ee7]
V  [jvm.dll+0x207731]
V  [jvm.dll+0x6eb1cf]
V  [jvm.dll+0x6e3d45]
V  [jvm.dll+0x5ebe96]
C  [ucrtbase.dll+0x21bb2]
C  [KERNEL32.DLL+0x17034]
C  [ntdll.dll+0x52651]


---------------  P R O C E S S  ---------------

Threads class SMR info:
_java_thread_list=0x0000028fc6793c40, length=42, elements={
0x0000028fa951e000, 0x0000028fc3963800, 0x0000028fc396e800, 0x0000028fc39c2000,
0x0000028fc39c6000, 0x0000028fc39c8000, 0x0000028fc39cb800, 0x0000028fc39d0800,
0x0000028fc39d8800, 0x0000028fc3b31000, 0x0000028fc49d8000, 0x0000028fc5505000,
0x0000028fc4d3b000, 0x0000028fc3e91000, 0x0000028fc3e92000, 0x0000028fc4c30000,
0x0000028fc4efa800, 0x0000028fc4efb000, 0x0000028fc496c000, 0x0000028fc54c1800,
0x0000028fc54c2800, 0x0000028fc54c1000, 0x0000028fc54c3800, 0x0000028fc54be800,
0x0000028fc54c0000, 0x0000028fc54c4000, 0x0000028fc54c5000, 0x0000028fc54bf000,
0x0000028fc607b800, 0x0000028fc607c800, 0x0000028fc6078000, 0x0000028fc607e800,
0x0000028fc607e000, 0x0000028fc607f800, 0x0000028fc607a000, 0x0000028fc6080800,
0x0000028fc607a800, 0x0000028fc6083000, 0x0000028fc6083800, 0x0000028fc6087000,
0x0000028fc6081000, 0x0000028fc6085000
}

Java Threads: ( => current thread )
  0x0000028fa951e000 JavaThread "main" [_thread_blocked, id=5596, stack(0x000000d934b00000,0x000000d934c00000)]
  0x0000028fc3963800 JavaThread "Reference Handler" daemon [_thread_blocked, id=3920, stack(0x000000d935200000,0x000000d935300000)]
  0x0000028fc396e800 JavaThread "Finalizer" daemon [_thread_blocked, id=2832, stack(0x000000d935300000,0x000000d935400000)]
  0x0000028fc39c2000 JavaThread "Signal Dispatcher" daemon [_thread_blocked, id=13404, stack(0x000000d935400000,0x000000d935500000)]
  0x0000028fc39c6000 JavaThread "Attach Listener" daemon [_thread_blocked, id=2912, stack(0x000000d935500000,0x000000d935600000)]
  0x0000028fc39c8000 JavaThread "Service Thread" daemon [_thread_blocked, id=9608, stack(0x000000d935600000,0x000000d935700000)]
=>0x0000028fc39cb800 JavaThread "C2 CompilerThread0" daemon [_thread_in_native, id=8996, stack(0x000000d935700000,0x000000d935800000)]
  0x0000028fc39d0800 JavaThread "C1 CompilerThread0" daemon [_thread_blocked, id=7304, stack(0x000000d935800000,0x000000d935900000)]
  0x0000028fc39d8800 JavaThread "Sweeper thread" daemon [_thread_blocked, id=6412, stack(0x000000d935900000,0x000000d935a00000)]
  0x0000028fc3b31000 JavaThread "Common-Cleaner" daemon [_thread_blocked, id=13152, stack(0x000000d935a00000,0x000000d935b00000)]
  0x0000028fc49d8000 JavaThread "Daemon health stats" [_thread_blocked, id=7388, stack(0x000000d935f00000,0x000000d936000000)]
  0x0000028fc5505000 JavaThread "Incoming local TCP Connector on port 7924" [_thread_in_native, id=7456, stack(0x000000d936000000,0x000000d936100000)]
  0x0000028fc4d3b000 JavaThread "Daemon periodic checks" [_thread_blocked, id=12260, stack(0x000000d936100000,0x000000d936200000)]
  0x0000028fc3e91000 JavaThread "Daemon" [_thread_blocked, id=5064, stack(0x000000d936200000,0x000000d936300000)]
  0x0000028fc3e92000 JavaThread "Handler for socket connection from /127.0.0.1:7924 to /127.0.0.1:7925" [_thread_in_native, id=2336, stack(0x000000d936300000,0x000000d936400000)]
  0x0000028fc4c30000 JavaThread "Cancel handler" [_thread_blocked, id=2032, stack(0x000000d936400000,0x000000d936500000)]
  0x0000028fc4efa800 JavaThread "Daemon worker" [_thread_in_Java, id=12744, stack(0x000000d936500000,0x000000d936600000)]
  0x0000028fc4efb000 JavaThread "Asynchronous log dispatcher for DefaultDaemonConnection: socket connection from /127.0.0.1:7924 to /127.0.0.1:7925" [_thread_blocked, id=15208, stack(0x000000d936600000,0x000000d936700000)]
  0x0000028fc496c000 JavaThread "Stdin handler" [_thread_blocked, id=8180, stack(0x000000d936700000,0x000000d936800000)]
  0x0000028fc54c1800 JavaThread "Daemon client event forwarder" [_thread_blocked, id=6656, stack(0x000000d936800000,0x000000d936900000)]
  0x0000028fc54c2800 JavaThread "Cache worker for file hash cache (C:\Users\Vedran\.gradle\caches\7.0.2\fileHashes)" [_thread_blocked, id=14852, stack(0x000000d936900000,0x000000d936a00000)]
  0x0000028fc54c1000 JavaThread "File lock request listener" [_thread_in_native, id=11576, stack(0x000000d936a00000,0x000000d936b00000)]
  0x0000028fc54c3800 JavaThread "Cache worker for journal cache (C:\Users\Vedran\.gradle\caches\journal-1)" [_thread_blocked, id=6440, stack(0x000000d936b00000,0x000000d936c00000)]
  0x0000028fc54be800 JavaThread "Cache worker for file hash cache (C:\Users\Vedran\AndroidStudioProjects\SDKAccessControl\.gradle\7.0.2\fileHashes)" [_thread_blocked, id=9860, stack(0x000000d936c00000,0x000000d936d00000)]
  0x0000028fc54c0000 JavaThread "File watcher server" daemon [_thread_in_native, id=10884, stack(0x000000d936d00000,0x000000d936e00000)]
  0x0000028fc54c4000 JavaThread "File watcher consumer" daemon [_thread_blocked, id=2284, stack(0x000000d936e00000,0x000000d936f00000)]
  0x0000028fc54c5000 JavaThread "Cache worker for checksums cache (C:\Users\Vedran\AndroidStudioProjects\SDKAccessControl\.gradle\checksums)" [_thread_blocked, id=1604, stack(0x000000d936f00000,0x000000d937000000)]
  0x0000028fc54bf000 JavaThread "Cache worker for cache directory md-supplier (C:\Users\Vedran\.gradle\caches\7.0.2\md-supplier)" [_thread_blocked, id=1368, stack(0x000000d937000000,0x000000d937100000)]
  0x0000028fc607b800 JavaThread "Cache worker for cache directory md-rule (C:\Users\Vedran\.gradle\caches\7.0.2\md-rule)" [_thread_blocked, id=11796, stack(0x000000d937100000,0x000000d937200000)]
  0x0000028fc607c800 JavaThread "Cache worker for execution history cache (C:\Users\Vedran\.gradle\caches\7.0.2\executionHistory)" [_thread_blocked, id=11980, stack(0x000000d937200000,0x000000d937300000)]
  0x0000028fc6078000 JavaThread "jar transforms" [_thread_blocked, id=12504, stack(0x000000d937300000,0x000000d937400000)]
  0x0000028fc607e800 JavaThread "jar transforms Thread 2" [_thread_blocked, id=1500, stack(0x000000d937400000,0x000000d937500000)]
  0x0000028fc607e000 JavaThread "Cache worker for file content cache (C:\Users\Vedran\.gradle\caches\7.0.2\fileContent)" [_thread_blocked, id=12048, stack(0x000000d937500000,0x000000d937600000)]
  0x0000028fc607f800 JavaThread "Cache worker for dependencies-accessors (C:\Users\Vedran\AndroidStudioProjects\SDKAccessControl\.gradle\7.0.2\dependencies-accessors)" [_thread_blocked, id=3284, stack(0x000000d937600000,0x000000d937700000)]
  0x0000028fc607a000 JavaThread "jar transforms Thread 3" [_thread_blocked, id=5288, stack(0x000000d937700000,0x000000d937800000)]
  0x0000028fc6080800 JavaThread "Cache worker for Build Output Cleanup Cache (C:\Users\Vedran\AndroidStudioProjects\SDKAccessControl\.gradle\buildOutputCleanup)" [_thread_blocked, id=7776, stack(0x000000d937900000,0x000000d937a00000)]
  0x0000028fc607a800 JavaThread "Build operations" [_thread_blocked, id=14580, stack(0x000000d937800000,0x000000d937900000)]
  0x0000028fc6083000 JavaThread "Build operations Thread 2" [_thread_blocked, id=9160, stack(0x000000d937a00000,0x000000d937b00000)]
  0x0000028fc6083800 JavaThread "Build operations Thread 3" [_thread_blocked, id=10004, stack(0x000000d937b00000,0x000000d937c00000)]
  0x0000028fc6087000 JavaThread "Build operations Thread 4" [_thread_blocked, id=6916, stack(0x000000d937c00000,0x000000d937d00000)]
  0x0000028fc6081000 JavaThread "jar transforms Thread 4" [_thread_blocked, id=204, stack(0x000000d937d00000,0x000000d937e00000)]
  0x0000028fc6085000 JavaThread "Memory manager" [_thread_blocked, id=5668, stack(0x000000d938100000,0x000000d938200000)]

Other Threads:
  0x0000028fc3133000 VMThread "VM Thread" [stack: 0x000000d935100000,0x000000d935200000] [id=10888]
  0x0000028fc3b90800 WatcherThread [stack: 0x000000d935b00000,0x000000d935c00000] [id=4684]
  0x0000028fa9537000 GCTaskThread "GC Thread#0" [stack: 0x000000d934c00000,0x000000d934d00000] [id=14496]
  0x0000028fc44d1000 GCTaskThread "GC Thread#1" [stack: 0x000000d935c00000,0x000000d935d00000] [id=3440]
  0x0000028fc3fc2000 GCTaskThread "GC Thread#2" [stack: 0x000000d935d00000,0x000000d935e00000] [id=9508]
  0x0000028fc3fc2800 GCTaskThread "GC Thread#3" [stack: 0x000000d935e00000,0x000000d935f00000] [id=1120]
  0x0000028fa9569000 ConcurrentGCThread "G1 Main Marker" [stack: 0x000000d934d00000,0x000000d934e00000] [id=1728]
  0x0000028fa956a000 ConcurrentGCThread "G1 Conc#0" [stack: 0x000000d934e00000,0x000000d934f00000] [id=6376]
  0x0000028fc2fa2800 ConcurrentGCThread "G1 Refine#0" [stack: 0x000000d934f00000,0x000000d935000000] [id=12064]
  0x0000028fc2fa3800 ConcurrentGCThread "G1 Young RemSet Sampling" [stack: 0x000000d935000000,0x000000d935100000] [id=9244]

Threads with active compile tasks:
C2 CompilerThread0  44095 5835   !   4       java.util.jar.Attributes::read (390 bytes)

VM state:not at safepoint (normal execution)

VM Mutex/Monitor currently owned by a thread: None

Heap address: 0x0000000080000000, size: 2048 MB, Compressed Oops mode: 32-bit
Narrow klass base: 0x0000000000000000, Narrow klass shift: 3
Compressed class space size: 1073741824 Address: 0x0000000100000000

Heap:
 garbage-first heap   total 262144K, used 45382K [0x0000000080000000, 0x0000000100000000)
  region size 1024K, 20 young (20480K), 18 survivors (18432K)
 Metaspace       used 59329K, capacity 60810K, committed 61168K, reserved 1105920K
  class space    used 7509K, capacity 8057K, committed 8140K, reserved 1048576K
Heap Regions: E=young(eden), S=young(survivor), O=old, HS=humongous(starts), HC=humongous(continues), CS=collection set, F=free, A=archive, TAMS=top-at-mark-start (previous, next)
|   0|0x0000000080000000, 0x0000000080100000, 0x0000000080100000|100%| O|  |TAMS 0x0000000080100000, 0x0000000080000000| Untracked 
|   1|0x0000000080100000, 0x0000000080200000, 0x0000000080200000|100%| O|  |TAMS 0x0000000080200000, 0x0000000080100000| Untracked 
|   2|0x0000000080200000, 0x0000000080300000, 0x0000000080300000|100%| O|  |TAMS 0x0000000080300000, 0x0000000080200000| Untracked 
|   3|0x0000000080300000, 0x0000000080400000, 0x0000000080400000|100%|HS|  |TAMS 0x0000000080400000, 0x0000000080300000| Complete 
|   4|0x0000000080400000, 0x0000000080500000, 0x0000000080500000|100%|HC|  |TAMS 0x0000000080500000, 0x0000000080400000| Complete 
|   5|0x0000000080500000, 0x0000000080600000, 0x0000000080600000|100%|HC|  |TAMS 0x0000000080600000, 0x0000000080500000| Complete 
|   6|0x0000000080600000, 0x0000000080700000, 0x0000000080700000|100%| O|  |TAMS 0x0000000080700000, 0x0000000080600000| Untracked 
|   7|0x0000000080700000, 0x0000000080800000, 0x0000000080800000|100%| O|  |TAMS 0x0000000080800000, 0x0000000080700000| Untracked 
|   8|0x0000000080800000, 0x0000000080900000, 0x0000000080900000|100%| O|  |TAMS 0x0000000080900000, 0x0000000080800000| Untracked 
|   9|0x0000000080900000, 0x0000000080a00000, 0x0000000080a00000|100%| O|  |TAMS 0x0000000080a00000, 0x0000000080900000| Untracked 
|  10|0x0000000080a00000, 0x0000000080b00000, 0x0000000080b00000|100%| O|  |TAMS 0x0000000080b00000, 0x0000000080a00000| Untracked 
|  11|0x0000000080b00000, 0x0000000080c00000, 0x0000000080c00000|100%| O|  |TAMS 0x0000000080c00000, 0x0000000080b00000| Untracked 
|  12|0x0000000080c00000, 0x0000000080d00000, 0x0000000080d00000|100%| O|  |TAMS 0x0000000080d00000, 0x0000000080c00000| Untracked 
|  13|0x0000000080d00000, 0x0000000080e00000, 0x0000000080e00000|100%| O|  |TAMS 0x0000000080e00000, 0x0000000080d00000| Untracked 
|  14|0x0000000080e00000, 0x0000000080f00000, 0x0000000080f00000|100%|HS|  |TAMS 0x0000000080f00000, 0x0000000080e00000| Complete 
|  15|0x0000000080f00000, 0x0000000081000000, 0x0000000081000000|100%|HS|  |TAMS 0x0000000081000000, 0x0000000080f00000| Complete 
|  16|0x0000000081000000, 0x0000000081100000, 0x0000000081100000|100%|HS|  |TAMS 0x0000000081100000, 0x0000000081000000| Complete 
|  17|0x0000000081100000, 0x0000000081200000, 0x0000000081200000|100%|HC|  |TAMS 0x0000000081200000, 0x0000000081100000| Complete 
|  18|0x0000000081200000, 0x0000000081300000, 0x0000000081300000|100%| O|  |TAMS 0x0000000081300000, 0x0000000081200000| Untracked 
|  19|0x0000000081300000, 0x0000000081400000, 0x0000000081400000|100%| O|  |TAMS 0x0000000081400000, 0x0000000081300000| Untracked 
|  20|0x0000000081400000, 0x0000000081500000, 0x0000000081500000|100%| O|  |TAMS 0x0000000081500000, 0x0000000081400000| Untracked 
|  21|0x0000000081500000, 0x0000000081600000, 0x0000000081600000|100%| O|  |TAMS 0x0000000081600000, 0x0000000081500000| Untracked 
|  22|0x0000000081600000, 0x0000000081700000, 0x0000000081700000|100%| O|  |TAMS 0x0000000081700000, 0x0000000081600000| Untracked 
|  23|0x0000000081700000, 0x0000000081800000, 0x0000000081800000|100%| O|  |TAMS 0x0000000081800000, 0x0000000081700000| Untracked 
|  24|0x0000000081800000, 0x0000000081900000, 0x0000000081900000|100%| O|  |TAMS 0x0000000081900000, 0x0000000081800000| Untracked 
|  25|0x0000000081900000, 0x0000000081951800, 0x0000000081a00000| 31%| O|  |TAMS 0x0000000081951800, 0x0000000081900000| Untracked 
|  26|0x0000000081a00000, 0x0000000081a00000, 0x0000000081b00000|  0%| F|  |TAMS 0x0000000081a00000, 0x0000000081a00000| Untracked 
|  27|0x0000000081b00000, 0x0000000081b00000, 0x0000000081c00000|  0%| F|  |TAMS 0x0000000081b00000, 0x0000000081b00000| Untracked 
|  28|0x0000000081c00000, 0x0000000081c00000, 0x0000000081d00000|  0%| F|  |TAMS 0x0000000081c00000, 0x0000000081c00000| Untracked 
|  29|0x0000000081d00000, 0x0000000081d00000, 0x0000000081e00000|  0%| F|  |TAMS 0x0000000081d00000, 0x0000000081d00000| Untracked 
|  30|0x0000000081e00000, 0x0000000081e00000, 0x0000000081f00000|  0%| F|  |TAMS 0x0000000081e00000, 0x0000000081e00000| Untracked 
|  31|0x0000000081f00000, 0x0000000081f00000, 0x0000000082000000|  0%| F|  |TAMS 0x0000000081f00000, 0x0000000081f00000| Untracked 
|  32|0x0000000082000000, 0x0000000082000000, 0x0000000082100000|  0%| F|  |TAMS 0x0000000082000000, 0x0000000082000000| Untracked 
|  33|0x0000000082100000, 0x0000000082100000, 0x0000000082200000|  0%| F|  |TAMS 0x0000000082100000, 0x0000000082100000| Untracked 
|  34|0x0000000082200000, 0x0000000082200000, 0x0000000082300000|  0%| F|  |TAMS 0x0000000082200000, 0x0000000082200000| Untracked 
|  35|0x0000000082300000, 0x0000000082300000, 0x0000000082400000|  0%| F|  |TAMS 0x0000000082300000, 0x0000000082300000| Untracked 
|  36|0x0000000082400000, 0x0000000082400000, 0x0000000082500000|  0%| F|  |TAMS 0x0000000082400000, 0x0000000082400000| Untracked 
|  37|0x0000000082500000, 0x0000000082500000, 0x0000000082600000|  0%| F|  |TAMS 0x0000000082500000, 0x0000000082500000| Untracked 
|  38|0x0000000082600000, 0x0000000082600000, 0x0000000082700000|  0%| F|  |TAMS 0x0000000082600000, 0x0000000082600000| Untracked 
|  39|0x0000000082700000, 0x0000000082700000, 0x0000000082800000|  0%| F|  |TAMS 0x0000000082700000, 0x0000000082700000| Untracked 
|  40|0x0000000082800000, 0x0000000082800000, 0x0000000082900000|  0%| F|  |TAMS 0x0000000082800000, 0x0000000082800000| Untracked 
|  41|0x0000000082900000, 0x0000000082900000, 0x0000000082a00000|  0%| F|  |TAMS 0x0000000082900000, 0x0000000082900000| Untracked 
|  42|0x0000000082a00000, 0x0000000082a00000, 0x0000000082b00000|  0%| F|  |TAMS 0x0000000082a00000, 0x0000000082a00000| Untracked 
|  43|0x0000000082b00000, 0x0000000082b00000, 0x0000000082c00000|  0%| F|  |TAMS 0x0000000082b00000, 0x0000000082b00000| Untracked 
|  44|0x0000000082c00000, 0x0000000082c00000, 0x0000000082d00000|  0%| F|  |TAMS 0x0000000082c00000, 0x0000000082c00000| Untracked 
|  45|0x0000000082d00000, 0x0000000082d00000, 0x0000000082e00000|  0%| F|  |TAMS 0x0000000082d00000, 0x0000000082d00000| Untracked 
|  46|0x0000000082e00000, 0x0000000082e00000, 0x0000000082f00000|  0%| F|  |TAMS 0x0000000082e00000, 0x0000000082e00000| Untracked 
|  47|0x0000000082f00000, 0x0000000082f00000, 0x0000000083000000|  0%| F|  |TAMS 0x0000000082f00000, 0x0000000082f00000| Untracked 
|  48|0x0000000083000000, 0x0000000083000000, 0x0000000083100000|  0%| F|  |TAMS 0x0000000083000000, 0x0000000083000000| Untracked 
|  49|0x0000000083100000, 0x0000000083100000, 0x0000000083200000|  0%| F|  |TAMS 0x0000000083100000, 0x0000000083100000| Untracked 
|  50|0x0000000083200000, 0x0000000083200000, 0x0000000083300000|  0%| F|  |TAMS 0x0000000083200000, 0x0000000083200000| Untracked 
|  51|0x0000000083300000, 0x0000000083300000, 0x0000000083400000|  0%| F|  |TAMS 0x0000000083300000, 0x0000000083300000| Untracked 
|  52|0x0000000083400000, 0x0000000083400000, 0x0000000083500000|  0%| F|  |TAMS 0x0000000083400000, 0x0000000083400000| Untracked 
|  53|0x0000000083500000, 0x0000000083500000, 0x0000000083600000|  0%| F|  |TAMS 0x0000000083500000, 0x0000000083500000| Untracked 
|  54|0x0000000083600000, 0x0000000083600000, 0x0000000083700000|  0%| F|  |TAMS 0x0000000083600000, 0x0000000083600000| Untracked 
|  55|0x0000000083700000, 0x0000000083700000, 0x0000000083800000|  0%| F|  |TAMS 0x0000000083700000, 0x0000000083700000| Untracked 
|  56|0x0000000083800000, 0x0000000083800000, 0x0000000083900000|  0%| F|  |TAMS 0x0000000083800000, 0x0000000083800000| Untracked 
|  57|0x0000000083900000, 0x0000000083900000, 0x0000000083a00000|  0%| F|  |TAMS 0x0000000083900000, 0x0000000083900000| Untracked 
|  58|0x0000000083a00000, 0x0000000083a00000, 0x0000000083b00000|  0%| F|  |TAMS 0x0000000083a00000, 0x0000000083a00000| Untracked 
|  59|0x0000000083b00000, 0x0000000083b00000, 0x0000000083c00000|  0%| F|  |TAMS 0x0000000083b00000, 0x0000000083b00000| Untracked 
|  60|0x0000000083c00000, 0x0000000083c00000, 0x0000000083d00000|  0%| F|  |TAMS 0x0000000083c00000, 0x0000000083c00000| Untracked 
|  61|0x0000000083d00000, 0x0000000083d00000, 0x0000000083e00000|  0%| F|  |TAMS 0x0000000083d00000, 0x0000000083d00000| Untracked 
|  62|0x0000000083e00000, 0x0000000083e00000, 0x0000000083f00000|  0%| F|  |TAMS 0x0000000083e00000, 0x0000000083e00000| Untracked 
|  63|0x0000000083f00000, 0x0000000083f00000, 0x0000000084000000|  0%| F|  |TAMS 0x0000000083f00000, 0x0000000083f00000| Untracked 
|  64|0x0000000084000000, 0x0000000084000000, 0x0000000084100000|  0%| F|  |TAMS 0x0000000084000000, 0x0000000084000000| Untracked 
|  65|0x0000000084100000, 0x0000000084100000, 0x0000000084200000|  0%| F|  |TAMS 0x0000000084100000, 0x0000000084100000| Untracked 
|  66|0x0000000084200000, 0x0000000084200000, 0x0000000084300000|  0%| F|  |TAMS 0x0000000084200000, 0x0000000084200000| Untracked 
|  67|0x0000000084300000, 0x0000000084300000, 0x0000000084400000|  0%| F|  |TAMS 0x0000000084300000, 0x0000000084300000| Untracked 
|  68|0x0000000084400000, 0x0000000084400000, 0x0000000084500000|  0%| F|  |TAMS 0x0000000084400000, 0x0000000084400000| Untracked 
|  69|0x0000000084500000, 0x0000000084500000, 0x0000000084600000|  0%| F|  |TAMS 0x0000000084500000, 0x0000000084500000| Untracked 
|  70|0x0000000084600000, 0x0000000084600000, 0x0000000084700000|  0%| F|  |TAMS 0x0000000084600000, 0x0000000084600000| Untracked 
|  71|0x0000000084700000, 0x0000000084700000, 0x0000000084800000|  0%| F|  |TAMS 0x0000000084700000, 0x0000000084700000| Untracked 
|  72|0x0000000084800000, 0x0000000084800000, 0x0000000084900000|  0%| F|  |TAMS 0x0000000084800000, 0x0000000084800000| Untracked 
|  73|0x0000000084900000, 0x0000000084900000, 0x0000000084a00000|  0%| F|  |TAMS 0x0000000084900000, 0x0000000084900000| Untracked 
|  74|0x0000000084a00000, 0x0000000084a00000, 0x0000000084b00000|  0%| F|  |TAMS 0x0000000084a00000, 0x0000000084a00000| Untracked 
|  75|0x0000000084b00000, 0x0000000084b00000, 0x0000000084c00000|  0%| F|  |TAMS 0x0000000084b00000, 0x0000000084b00000| Untracked 
|  76|0x0000000084c00000, 0x0000000084c00000, 0x0000000084d00000|  0%| F|  |TAMS 0x0000000084c00000, 0x0000000084c00000| Untracked 
|  77|0x0000000084d00000, 0x0000000084d00000, 0x0000000084e00000|  0%| F|  |TAMS 0x0000000084d00000, 0x0000000084d00000| Untracked 
|  78|0x0000000084e00000, 0x0000000084e00000, 0x0000000084f00000|  0%| F|  |TAMS 0x0000000084e00000, 0x0000000084e00000| Untracked 
|  79|0x0000000084f00000, 0x0000000084f00000, 0x0000000085000000|  0%| F|  |TAMS 0x0000000084f00000, 0x0000000084f00000| Untracked 
|  80|0x0000000085000000, 0x0000000085000000, 0x0000000085100000|  0%| F|  |TAMS 0x0000000085000000, 0x0000000085000000| Untracked 
|  81|0x0000000085100000, 0x0000000085100000, 0x0000000085200000|  0%| F|  |TAMS 0x0000000085100000, 0x0000000085100000| Untracked 
|  82|0x0000000085200000, 0x0000000085200000, 0x0000000085300000|  0%| F|  |TAMS 0x0000000085200000, 0x0000000085200000| Untracked 
|  83|0x0000000085300000, 0x0000000085300000, 0x0000000085400000|  0%| F|  |TAMS 0x0000000085300000, 0x0000000085300000| Untracked 
|  84|0x0000000085400000, 0x0000000085400000, 0x0000000085500000|  0%| F|  |TAMS 0x0000000085400000, 0x0000000085400000| Untracked 
|  85|0x0000000085500000, 0x0000000085500000, 0x0000000085600000|  0%| F|  |TAMS 0x0000000085500000, 0x0000000085500000| Untracked 
|  86|0x0000000085600000, 0x0000000085600000, 0x0000000085700000|  0%| F|  |TAMS 0x0000000085600000, 0x0000000085600000| Untracked 
|  87|0x0000000085700000, 0x0000000085700000, 0x0000000085800000|  0%| F|  |TAMS 0x0000000085700000, 0x0000000085700000| Untracked 
|  88|0x0000000085800000, 0x0000000085800000, 0x0000000085900000|  0%| F|  |TAMS 0x0000000085800000, 0x0000000085800000| Untracked 
|  89|0x0000000085900000, 0x0000000085900000, 0x0000000085a00000|  0%| F|  |TAMS 0x0000000085900000, 0x0000000085900000| Untracked 
|  90|0x0000000085a00000, 0x0000000085a00000, 0x0000000085b00000|  0%| F|  |TAMS 0x0000000085a00000, 0x0000000085a00000| Untracked 
|  91|0x0000000085b00000, 0x0000000085b00000, 0x0000000085c00000|  0%| F|  |TAMS 0x0000000085b00000, 0x0000000085b00000| Untracked 
|  92|0x0000000085c00000, 0x0000000085c00000, 0x0000000085d00000|  0%| F|  |TAMS 0x0000000085c00000, 0x0000000085c00000| Untracked 
|  93|0x0000000085d00000, 0x0000000085d00000, 0x0000000085e00000|  0%| F|  |TAMS 0x0000000085d00000, 0x0000000085d00000| Untracked 
|  94|0x0000000085e00000, 0x0000000085e00000, 0x0000000085f00000|  0%| F|  |TAMS 0x0000000085e00000, 0x0000000085e00000| Untracked 
|  95|0x0000000085f00000, 0x0000000085f00000, 0x0000000086000000|  0%| F|  |TAMS 0x0000000085f00000, 0x0000000085f00000| Untracked 
|  96|0x0000000086000000, 0x0000000086000000, 0x0000000086100000|  0%| F|  |TAMS 0x0000000086000000, 0x0000000086000000| Untracked 
|  97|0x0000000086100000, 0x0000000086100000, 0x0000000086200000|  0%| F|  |TAMS 0x0000000086100000, 0x0000000086100000| Untracked 
|  98|0x0000000086200000, 0x0000000086200000, 0x0000000086300000|  0%| F|  |TAMS 0x0000000086200000, 0x0000000086200000| Untracked 
|  99|0x0000000086300000, 0x0000000086300000, 0x0000000086400000|  0%| F|  |TAMS 0x0000000086300000, 0x0000000086300000| Untracked 
| 100|0x0000000086400000, 0x0000000086500000, 0x0000000086500000|100%| S|CS|TAMS 0x0000000086400000, 0x0000000086400000| Complete 
| 101|0x0000000086500000, 0x0000000086600000, 0x0000000086600000|100%| S|CS|TAMS 0x0000000086500000, 0x0000000086500000| Complete 
| 102|0x0000000086600000, 0x0000000086700000, 0x0000000086700000|100%| S|CS|TAMS 0x0000000086600000, 0x0000000086600000| Complete 
| 103|0x0000000086700000, 0x0000000086800000, 0x0000000086800000|100%| S|CS|TAMS 0x0000000086700000, 0x0000000086700000| Complete 
| 104|0x0000000086800000, 0x0000000086900000, 0x0000000086900000|100%| S|CS|TAMS 0x0000000086800000, 0x0000000086800000| Complete 
| 105|0x0000000086900000, 0x0000000086a00000, 0x0000000086a00000|100%| S|CS|TAMS 0x0000000086900000, 0x0000000086900000| Complete 
| 106|0x0000000086a00000, 0x0000000086a00000, 0x0000000086b00000|  0%| F|  |TAMS 0x0000000086a00000, 0x0000000086a00000| Untracked 
| 107|0x0000000086b00000, 0x0000000086b00000, 0x0000000086c00000|  0%| F|  |TAMS 0x0000000086b00000, 0x0000000086b00000| Untracked 
| 108|0x0000000086c00000, 0x0000000086c00000, 0x0000000086d00000|  0%| F|  |TAMS 0x0000000086c00000, 0x0000000086c00000| Untracked 
| 109|0x0000000086d00000, 0x0000000086d00000, 0x0000000086e00000|  0%| F|  |TAMS 0x0000000086d00000, 0x0000000086d00000| Untracked 
| 110|0x0000000086e00000, 0x0000000086e00000, 0x0000000086f00000|  0%| F|  |TAMS 0x0000000086e00000, 0x0000000086e00000| Untracked 
| 111|0x0000000086f00000, 0x0000000086f00000, 0x0000000087000000|  0%| F|  |TAMS 0x0000000086f00000, 0x0000000086f00000| Untracked 
| 112|0x0000000087000000, 0x0000000087000000, 0x0000000087100000|  0%| F|  |TAMS 0x0000000087000000, 0x0000000087000000| Untracked 
| 113|0x0000000087100000, 0x0000000087100000, 0x0000000087200000|  0%| F|  |TAMS 0x0000000087100000, 0x0000000087100000| Untracked 
| 114|0x0000000087200000, 0x0000000087200000, 0x0000000087300000|  0%| F|  |TAMS 0x0000000087200000, 0x0000000087200000| Untracked 
| 115|0x0000000087300000, 0x0000000087300000, 0x0000000087400000|  0%| F|  |TAMS 0x0000000087300000, 0x0000000087300000| Untracked 
| 116|0x0000000087400000, 0x0000000087400000, 0x0000000087500000|  0%| F|  |TAMS 0x0000000087400000, 0x0000000087400000| Untracked 
| 117|0x0000000087500000, 0x0000000087500000, 0x0000000087600000|  0%| F|  |TAMS 0x0000000087500000, 0x0000000087500000| Untracked 
| 118|0x0000000087600000, 0x0000000087600000, 0x0000000087700000|  0%| F|  |TAMS 0x0000000087600000, 0x0000000087600000| Untracked 
| 119|0x0000000087700000, 0x0000000087700000, 0x0000000087800000|  0%| F|  |TAMS 0x0000000087700000, 0x0000000087700000| Untracked 
| 120|0x0000000087800000, 0x0000000087800000, 0x0000000087900000|  0%| F|  |TAMS 0x0000000087800000, 0x0000000087800000| Untracked 
| 121|0x0000000087900000, 0x0000000087900000, 0x0000000087a00000|  0%| F|  |TAMS 0x0000000087900000, 0x0000000087900000| Untracked 
| 122|0x0000000087a00000, 0x0000000087b00000, 0x0000000087b00000|100%| S|CS|TAMS 0x0000000087a00000, 0x0000000087a00000| Complete 
| 123|0x0000000087b00000, 0x0000000087c00000, 0x0000000087c00000|100%| S|CS|TAMS 0x0000000087b00000, 0x0000000087b00000| Complete 
| 124|0x0000000087c00000, 0x0000000087d00000, 0x0000000087d00000|100%| S|CS|TAMS 0x0000000087c00000, 0x0000000087c00000| Complete 
| 125|0x0000000087d00000, 0x0000000087e00000, 0x0000000087e00000|100%| S|CS|TAMS 0x0000000087d00000, 0x0000000087d00000| Complete 
| 126|0x0000000087e00000, 0x0000000087f00000, 0x0000000087f00000|100%| S|CS|TAMS 0x0000000087e00000, 0x0000000087e00000| Complete 
| 127|0x0000000087f00000, 0x0000000088000000, 0x0000000088000000|100%| S|CS|TAMS 0x0000000087f00000, 0x0000000087f00000| Complete 
| 128|0x0000000088000000, 0x0000000088100000, 0x0000000088100000|100%| S|CS|TAMS 0x0000000088000000, 0x0000000088000000| Complete 
| 129|0x0000000088100000, 0x0000000088200000, 0x0000000088200000|100%| S|CS|TAMS 0x0000000088100000, 0x0000000088100000| Complete 
| 130|0x0000000088200000, 0x0000000088300000, 0x0000000088300000|100%| S|CS|TAMS 0x0000000088200000, 0x0000000088200000| Complete 
| 131|0x0000000088300000, 0x0000000088400000, 0x0000000088400000|100%| S|CS|TAMS 0x0000000088300000, 0x0000000088300000| Complete 
| 132|0x0000000088400000, 0x0000000088500000, 0x0000000088500000|100%| S|CS|TAMS 0x0000000088400000, 0x0000000088400000| Complete 
| 133|0x0000000088500000, 0x0000000088600000, 0x0000000088600000|100%| S|CS|TAMS 0x0000000088500000, 0x0000000088500000| Complete 
| 134|0x0000000088600000, 0x0000000088600000, 0x0000000088700000|  0%| F|  |TAMS 0x0000000088600000, 0x0000000088600000| Untracked 
| 135|0x0000000088700000, 0x0000000088700000, 0x0000000088800000|  0%| F|  |TAMS 0x0000000088700000, 0x0000000088700000| Untracked 
| 136|0x0000000088800000, 0x0000000088800000, 0x0000000088900000|  0%| F|  |TAMS 0x0000000088800000, 0x0000000088800000| Untracked 
| 137|0x0000000088900000, 0x0000000088900000, 0x0000000088a00000|  0%| F|  |TAMS 0x0000000088900000, 0x0000000088900000| Untracked 
| 138|0x0000000088a00000, 0x0000000088a00000, 0x0000000088b00000|  0%| F|  |TAMS 0x0000000088a00000, 0x0000000088a00000| Untracked 
| 139|0x0000000088b00000, 0x0000000088b00000, 0x0000000088c00000|  0%| F|  |TAMS 0x0000000088b00000, 0x0000000088b00000| Untracked 
| 140|0x0000000088c00000, 0x0000000088c00000, 0x0000000088d00000|  0%| F|  |TAMS 0x0000000088c00000, 0x0000000088c00000| Untracked 
| 141|0x0000000088d00000, 0x0000000088d00000, 0x0000000088e00000|  0%| F|  |TAMS 0x0000000088d00000, 0x0000000088d00000| Untracked 
| 142|0x0000000088e00000, 0x0000000088e00000, 0x0000000088f00000|  0%| F|  |TAMS 0x0000000088e00000, 0x0000000088e00000| Untracked 
| 143|0x0000000088f00000, 0x0000000088f00000, 0x0000000089000000|  0%| F|  |TAMS 0x0000000088f00000, 0x0000000088f00000| Untracked 
| 144|0x0000000089000000, 0x0000000089000000, 0x0000000089100000|  0%| F|  |TAMS 0x0000000089000000, 0x0000000089000000| Untracked 
| 145|0x0000000089100000, 0x0000000089100000, 0x0000000089200000|  0%| F|  |TAMS 0x0000000089100000, 0x0000000089100000| Untracked 
| 146|0x0000000089200000, 0x0000000089200000, 0x0000000089300000|  0%| F|  |TAMS 0x0000000089200000, 0x0000000089200000| Untracked 
| 147|0x0000000089300000, 0x0000000089300000, 0x0000000089400000|  0%| F|  |TAMS 0x0000000089300000, 0x0000000089300000| Untracked 
| 148|0x0000000089400000, 0x0000000089400000, 0x0000000089500000|  0%| F|  |TAMS 0x0000000089400000, 0x0000000089400000| Untracked 
| 149|0x0000000089500000, 0x0000000089500000, 0x0000000089600000|  0%| F|  |TAMS 0x0000000089500000, 0x0000000089500000| Untracked 
| 150|0x0000000089600000, 0x0000000089600000, 0x0000000089700000|  0%| F|  |TAMS 0x0000000089600000, 0x0000000089600000| Untracked 
| 151|0x0000000089700000, 0x0000000089700000, 0x0000000089800000|  0%| F|  |TAMS 0x0000000089700000, 0x0000000089700000| Untracked 
| 152|0x0000000089800000, 0x0000000089800000, 0x0000000089900000|  0%| F|  |TAMS 0x0000000089800000, 0x0000000089800000| Untracked 
| 153|0x0000000089900000, 0x0000000089900000, 0x0000000089a00000|  0%| F|  |TAMS 0x0000000089900000, 0x0000000089900000| Untracked 
| 154|0x0000000089a00000, 0x0000000089a00000, 0x0000000089b00000|  0%| F|  |TAMS 0x0000000089a00000, 0x0000000089a00000| Untracked 
| 155|0x0000000089b00000, 0x0000000089b00000, 0x0000000089c00000|  0%| F|  |TAMS 0x0000000089b00000, 0x0000000089b00000| Untracked 
| 156|0x0000000089c00000, 0x0000000089c00000, 0x0000000089d00000|  0%| F|  |TAMS 0x0000000089c00000, 0x0000000089c00000| Untracked 
| 157|0x0000000089d00000, 0x0000000089d00000, 0x0000000089e00000|  0%| F|  |TAMS 0x0000000089d00000, 0x0000000089d00000| Untracked 
| 158|0x0000000089e00000, 0x0000000089e00000, 0x0000000089f00000|  0%| F|  |TAMS 0x0000000089e00000, 0x0000000089e00000| Untracked 
| 159|0x0000000089f00000, 0x0000000089f00000, 0x000000008a000000|  0%| F|  |TAMS 0x0000000089f00000, 0x0000000089f00000| Untracked 
| 160|0x000000008a000000, 0x000000008a000000, 0x000000008a100000|  0%| F|  |TAMS 0x000000008a000000, 0x000000008a000000| Untracked 
| 161|0x000000008a100000, 0x000000008a100000, 0x000000008a200000|  0%| F|  |TAMS 0x000000008a100000, 0x000000008a100000| Untracked 
| 162|0x000000008a200000, 0x000000008a200000, 0x000000008a300000|  0%| F|  |TAMS 0x000000008a200000, 0x000000008a200000| Untracked 
| 163|0x000000008a300000, 0x000000008a300000, 0x000000008a400000|  0%| F|  |TAMS 0x000000008a300000, 0x000000008a300000| Untracked 
| 164|0x000000008a400000, 0x000000008a400000, 0x000000008a500000|  0%| F|  |TAMS 0x000000008a400000, 0x000000008a400000| Untracked 
| 165|0x000000008a500000, 0x000000008a500000, 0x000000008a600000|  0%| F|  |TAMS 0x000000008a500000, 0x000000008a500000| Untracked 
| 166|0x000000008a600000, 0x000000008a600000, 0x000000008a700000|  0%| F|  |TAMS 0x000000008a600000, 0x000000008a600000| Untracked 
| 167|0x000000008a700000, 0x000000008a700000, 0x000000008a800000|  0%| F|  |TAMS 0x000000008a700000, 0x000000008a700000| Untracked 
| 168|0x000000008a800000, 0x000000008a800000, 0x000000008a900000|  0%| F|  |TAMS 0x000000008a800000, 0x000000008a800000| Untracked 
| 169|0x000000008a900000, 0x000000008a900000, 0x000000008aa00000|  0%| F|  |TAMS 0x000000008a900000, 0x000000008a900000| Untracked 
| 170|0x000000008aa00000, 0x000000008aa00000, 0x000000008ab00000|  0%| F|  |TAMS 0x000000008aa00000, 0x000000008aa00000| Untracked 
| 171|0x000000008ab00000, 0x000000008ab00000, 0x000000008ac00000|  0%| F|  |TAMS 0x000000008ab00000, 0x000000008ab00000| Untracked 
| 172|0x000000008ac00000, 0x000000008ac00000, 0x000000008ad00000|  0%| F|  |TAMS 0x000000008ac00000, 0x000000008ac00000| Untracked 
| 173|0x000000008ad00000, 0x000000008ad00000, 0x000000008ae00000|  0%| F|  |TAMS 0x000000008ad00000, 0x000000008ad00000| Untracked 
| 174|0x000000008ae00000, 0x000000008ae00000, 0x000000008af00000|  0%| F|  |TAMS 0x000000008ae00000, 0x000000008ae00000| Untracked 
| 175|0x000000008af00000, 0x000000008af00000, 0x000000008b000000|  0%| F|  |TAMS 0x000000008af00000, 0x000000008af00000| Untracked 
| 176|0x000000008b000000, 0x000000008b000000, 0x000000008b100000|  0%| F|  |TAMS 0x000000008b000000, 0x000000008b000000| Untracked 
| 177|0x000000008b100000, 0x000000008b100000, 0x000000008b200000|  0%| F|  |TAMS 0x000000008b100000, 0x000000008b100000| Untracked 
| 178|0x000000008b200000, 0x000000008b200000, 0x000000008b300000|  0%| F|  |TAMS 0x000000008b200000, 0x000000008b200000| Untracked 
| 179|0x000000008b300000, 0x000000008b300000, 0x000000008b400000|  0%| F|  |TAMS 0x000000008b300000, 0x000000008b300000| Untracked 
| 180|0x000000008b400000, 0x000000008b400000, 0x000000008b500000|  0%| F|  |TAMS 0x000000008b400000, 0x000000008b400000| Untracked 
| 181|0x000000008b500000, 0x000000008b500000, 0x000000008b600000|  0%| F|  |TAMS 0x000000008b500000, 0x000000008b500000| Untracked 
| 182|0x000000008b600000, 0x000000008b600000, 0x000000008b700000|  0%| F|  |TAMS 0x000000008b600000, 0x000000008b600000| Untracked 
| 183|0x000000008b700000, 0x000000008b700000, 0x000000008b800000|  0%| F|  |TAMS 0x000000008b700000, 0x000000008b700000| Untracked 
| 184|0x000000008b800000, 0x000000008b800000, 0x000000008b900000|  0%| F|  |TAMS 0x000000008b800000, 0x000000008b800000| Untracked 
| 185|0x000000008b900000, 0x000000008b900000, 0x000000008ba00000|  0%| F|  |TAMS 0x000000008b900000, 0x000000008b900000| Untracked 
| 186|0x000000008ba00000, 0x000000008ba00000, 0x000000008bb00000|  0%| F|  |TAMS 0x000000008ba00000, 0x000000008ba00000| Untracked 
| 187|0x000000008bb00000, 0x000000008bb00000, 0x000000008bc00000|  0%| F|  |TAMS 0x000000008bb00000, 0x000000008bb00000| Untracked 
| 188|0x000000008bc00000, 0x000000008bc00000, 0x000000008bd00000|  0%| F|  |TAMS 0x000000008bc00000, 0x000000008bc00000| Untracked 
| 189|0x000000008bd00000, 0x000000008bd00000, 0x000000008be00000|  0%| F|  |TAMS 0x000000008bd00000, 0x000000008bd00000| Untracked 
| 190|0x000000008be00000, 0x000000008be00000, 0x000000008bf00000|  0%| F|  |TAMS 0x000000008be00000, 0x000000008be00000| Untracked 
| 191|0x000000008bf00000, 0x000000008bf00000, 0x000000008c000000|  0%| F|  |TAMS 0x000000008bf00000, 0x000000008bf00000| Untracked 
| 192|0x000000008c000000, 0x000000008c000000, 0x000000008c100000|  0%| F|  |TAMS 0x000000008c000000, 0x000000008c000000| Untracked 
| 193|0x000000008c100000, 0x000000008c100000, 0x000000008c200000|  0%| F|  |TAMS 0x000000008c100000, 0x000000008c100000| Untracked 
| 194|0x000000008c200000, 0x000000008c200000, 0x000000008c300000|  0%| F|  |TAMS 0x000000008c200000, 0x000000008c200000| Untracked 
| 195|0x000000008c300000, 0x000000008c300000, 0x000000008c400000|  0%| F|  |TAMS 0x000000008c300000, 0x000000008c300000| Untracked 
| 196|0x000000008c400000, 0x000000008c400000, 0x000000008c500000|  0%| F|  |TAMS 0x000000008c400000, 0x000000008c400000| Untracked 
| 197|0x000000008c500000, 0x000000008c500000, 0x000000008c600000|  0%| F|  |TAMS 0x000000008c500000, 0x000000008c500000| Untracked 
| 198|0x000000008c600000, 0x000000008c600000, 0x000000008c700000|  0%| F|  |TAMS 0x000000008c600000, 0x000000008c600000| Untracked 
| 199|0x000000008c700000, 0x000000008c700000, 0x000000008c800000|  0%| F|  |TAMS 0x000000008c700000, 0x000000008c700000| Untracked 
| 200|0x000000008c800000, 0x000000008c800000, 0x000000008c900000|  0%| F|  |TAMS 0x000000008c800000, 0x000000008c800000| Untracked 
| 201|0x000000008c900000, 0x000000008c900000, 0x000000008ca00000|  0%| F|  |TAMS 0x000000008c900000, 0x000000008c900000| Untracked 
| 202|0x000000008ca00000, 0x000000008ca00000, 0x000000008cb00000|  0%| F|  |TAMS 0x000000008ca00000, 0x000000008ca00000| Untracked 
| 203|0x000000008cb00000, 0x000000008cb00000, 0x000000008cc00000|  0%| F|  |TAMS 0x000000008cb00000, 0x000000008cb00000| Untracked 
| 204|0x000000008cc00000, 0x000000008cc00000, 0x000000008cd00000|  0%| F|  |TAMS 0x000000008cc00000, 0x000000008cc00000| Untracked 
| 205|0x000000008cd00000, 0x000000008cd00000, 0x000000008ce00000|  0%| F|  |TAMS 0x000000008cd00000, 0x000000008cd00000| Untracked 
| 206|0x000000008ce00000, 0x000000008ce00000, 0x000000008cf00000|  0%| F|  |TAMS 0x000000008ce00000, 0x000000008ce00000| Untracked 
| 207|0x000000008cf00000, 0x000000008cf00000, 0x000000008d000000|  0%| F|  |TAMS 0x000000008cf00000, 0x000000008cf00000| Untracked 
| 208|0x000000008d000000, 0x000000008d000000, 0x000000008d100000|  0%| F|  |TAMS 0x000000008d000000, 0x000000008d000000| Untracked 
| 209|0x000000008d100000, 0x000000008d100000, 0x000000008d200000|  0%| F|  |TAMS 0x000000008d100000, 0x000000008d100000| Untracked 
| 210|0x000000008d200000, 0x000000008d200000, 0x000000008d300000|  0%| F|  |TAMS 0x000000008d200000, 0x000000008d200000| Untracked 
| 211|0x000000008d300000, 0x000000008d300000, 0x000000008d400000|  0%| F|  |TAMS 0x000000008d300000, 0x000000008d300000| Untracked 
| 212|0x000000008d400000, 0x000000008d400000, 0x000000008d500000|  0%| F|  |TAMS 0x000000008d400000, 0x000000008d400000| Untracked 
| 213|0x000000008d500000, 0x000000008d500000, 0x000000008d600000|  0%| F|  |TAMS 0x000000008d500000, 0x000000008d500000| Untracked 
| 214|0x000000008d600000, 0x000000008d600000, 0x000000008d700000|  0%| F|  |TAMS 0x000000008d600000, 0x000000008d600000| Untracked 
| 215|0x000000008d700000, 0x000000008d700000, 0x000000008d800000|  0%| F|  |TAMS 0x000000008d700000, 0x000000008d700000| Untracked 
| 216|0x000000008d800000, 0x000000008d800000, 0x000000008d900000|  0%| F|  |TAMS 0x000000008d800000, 0x000000008d800000| Untracked 
| 217|0x000000008d900000, 0x000000008d900000, 0x000000008da00000|  0%| F|  |TAMS 0x000000008d900000, 0x000000008d900000| Untracked 
| 218|0x000000008da00000, 0x000000008da00000, 0x000000008db00000|  0%| F|  |TAMS 0x000000008da00000, 0x000000008da00000| Untracked 
| 219|0x000000008db00000, 0x000000008db00000, 0x000000008dc00000|  0%| F|  |TAMS 0x000000008db00000, 0x000000008db00000| Untracked 
| 220|0x000000008dc00000, 0x000000008dc00000, 0x000000008dd00000|  0%| F|  |TAMS 0x000000008dc00000, 0x000000008dc00000| Untracked 
| 221|0x000000008dd00000, 0x000000008dd00000, 0x000000008de00000|  0%| F|  |TAMS 0x000000008dd00000, 0x000000008dd00000| Untracked 
| 222|0x000000008de00000, 0x000000008de00000, 0x000000008df00000|  0%| F|  |TAMS 0x000000008de00000, 0x000000008de00000| Untracked 
| 223|0x000000008df00000, 0x000000008df00000, 0x000000008e000000|  0%| F|  |TAMS 0x000000008df00000, 0x000000008df00000| Untracked 
| 224|0x000000008e000000, 0x000000008e000000, 0x000000008e100000|  0%| F|  |TAMS 0x000000008e000000, 0x000000008e000000| Untracked 
| 225|0x000000008e100000, 0x000000008e100000, 0x000000008e200000|  0%| F|  |TAMS 0x000000008e100000, 0x000000008e100000| Untracked 
| 226|0x000000008e200000, 0x000000008e200000, 0x000000008e300000|  0%| F|  |TAMS 0x000000008e200000, 0x000000008e200000| Untracked 
| 227|0x000000008e300000, 0x000000008e300000, 0x000000008e400000|  0%| F|  |TAMS 0x000000008e300000, 0x000000008e300000| Untracked 
| 228|0x000000008e400000, 0x000000008e400000, 0x000000008e500000|  0%| F|  |TAMS 0x000000008e400000, 0x000000008e400000| Untracked 
| 229|0x000000008e500000, 0x000000008e500000, 0x000000008e600000|  0%| F|  |TAMS 0x000000008e500000, 0x000000008e500000| Untracked 
| 230|0x000000008e600000, 0x000000008e600000, 0x000000008e700000|  0%| F|  |TAMS 0x000000008e600000, 0x000000008e600000| Untracked 
| 231|0x000000008e700000, 0x000000008e700000, 0x000000008e800000|  0%| F|  |TAMS 0x000000008e700000, 0x000000008e700000| Untracked 
| 232|0x000000008e800000, 0x000000008e800000, 0x000000008e900000|  0%| F|  |TAMS 0x000000008e800000, 0x000000008e800000| Untracked 
| 233|0x000000008e900000, 0x000000008e900000, 0x000000008ea00000|  0%| F|  |TAMS 0x000000008e900000, 0x000000008e900000| Untracked 
| 234|0x000000008ea00000, 0x000000008ea00000, 0x000000008eb00000|  0%| F|  |TAMS 0x000000008ea00000, 0x000000008ea00000| Untracked 
| 235|0x000000008eb00000, 0x000000008eb00000, 0x000000008ec00000|  0%| F|  |TAMS 0x000000008eb00000, 0x000000008eb00000| Untracked 
| 236|0x000000008ec00000, 0x000000008ec00000, 0x000000008ed00000|  0%| F|  |TAMS 0x000000008ec00000, 0x000000008ec00000| Untracked 
| 237|0x000000008ed00000, 0x000000008ed00000, 0x000000008ee00000|  0%| F|  |TAMS 0x000000008ed00000, 0x000000008ed00000| Untracked 
| 238|0x000000008ee00000, 0x000000008ee00000, 0x000000008ef00000|  0%| F|  |TAMS 0x000000008ee00000, 0x000000008ee00000| Untracked 
| 239|0x000000008ef00000, 0x000000008ef00000, 0x000000008f000000|  0%| F|  |TAMS 0x000000008ef00000, 0x000000008ef00000| Untracked 
| 240|0x000000008f000000, 0x000000008f000000, 0x000000008f100000|  0%| F|  |TAMS 0x000000008f000000, 0x000000008f000000| Untracked 
| 241|0x000000008f100000, 0x000000008f100000, 0x000000008f200000|  0%| F|  |TAMS 0x000000008f100000, 0x000000008f100000| Untracked 
| 242|0x000000008f200000, 0x000000008f200000, 0x000000008f300000|  0%| F|  |TAMS 0x000000008f200000, 0x000000008f200000| Untracked 
| 243|0x000000008f300000, 0x000000008f300000, 0x000000008f400000|  0%| F|  |TAMS 0x000000008f300000, 0x000000008f300000| Untracked 
| 244|0x000000008f400000, 0x000000008f400000, 0x000000008f500000|  0%| F|  |TAMS 0x000000008f400000, 0x000000008f400000| Untracked 
| 245|0x000000008f500000, 0x000000008f500000, 0x000000008f600000|  0%| F|  |TAMS 0x000000008f500000, 0x000000008f500000| Untracked 
| 246|0x000000008f600000, 0x000000008f600000, 0x000000008f700000|  0%| F|  |TAMS 0x000000008f600000, 0x000000008f600000| Untracked 
| 247|0x000000008f700000, 0x000000008f700000, 0x000000008f800000|  0%| F|  |TAMS 0x000000008f700000, 0x000000008f700000| Untracked 
| 248|0x000000008f800000, 0x000000008f800000, 0x000000008f900000|  0%| F|  |TAMS 0x000000008f800000, 0x000000008f800000| Untracked 
| 249|0x000000008f900000, 0x000000008f900000, 0x000000008fa00000|  0%| F|  |TAMS 0x000000008f900000, 0x000000008f900000| Untracked 
| 250|0x000000008fa00000, 0x000000008fa00000, 0x000000008fb00000|  0%| F|  |TAMS 0x000000008fa00000, 0x000000008fa00000| Untracked 
| 251|0x000000008fb00000, 0x000000008fb00000, 0x000000008fc00000|  0%| F|  |TAMS 0x000000008fb00000, 0x000000008fb00000| Untracked 
| 252|0x000000008fc00000, 0x000000008fc00000, 0x000000008fd00000|  0%| F|  |TAMS 0x000000008fc00000, 0x000000008fc00000| Untracked 
| 253|0x000000008fd00000, 0x000000008fd00000, 0x000000008fe00000|  0%| F|  |TAMS 0x000000008fd00000, 0x000000008fd00000| Untracked 
| 254|0x000000008fe00000, 0x000000008ff00000, 0x000000008ff00000|100%| E|  |TAMS 0x000000008fe00000, 0x000000008fe00000| Complete 
| 255|0x000000008ff00000, 0x0000000090000000, 0x0000000090000000|100%| E|CS|TAMS 0x000000008ff00000, 0x000000008ff00000| Complete 

Card table byte_map: [0x0000028fbc410000,0x0000028fbc810000] _byte_map_base: 0x0000028fbc010000

Marking Bits (Prev, Next): (CMBitMap*) 0x0000028fa9560530, (CMBitMap*) 0x0000028fa95604f8
 Prev Bits: [0x0000028fbec10000, 0x0000028fc0c10000)
 Next Bits: [0x0000028fbcc10000, 0x0000028fbec10000)

Polling page: 0x0000028fa8d00000

Metaspace:

Usage:
  Non-class:     51.58 MB capacity,    50.61 MB ( 98%) used,   841.48 KB (  2%) free+waste,   152.56 KB ( <1%) overhead. 
      Class:      7.87 MB capacity,     7.33 MB ( 93%) used,   475.74 KB (  6%) free+waste,    72.00 KB ( <1%) overhead. 
       Both:     59.45 MB capacity,    57.94 MB ( 97%) used,     1.29 MB (  2%) free+waste,   224.56 KB ( <1%) overhead. 

Virtual space:
  Non-class space:       56.00 MB reserved,      51.79 MB ( 92%) committed 
      Class space:        1.00 GB reserved,       7.95 MB ( <1%) committed 
             Both:        1.05 GB reserved,      59.73 MB (  6%) committed 

Chunk freelists:
   Non-Class:  83.00 KB
       Class:  7.00 KB
        Both:  90.00 KB

MaxMetaspaceSize: 17179869184.00 GB
CompressedClassSpaceSize: 1.00 GB

CodeHeap 'non-profiled nmethods': size=120064Kb used=3157Kb max_used=3157Kb free=116906Kb
 bounds [0x0000028fb4ad0000, 0x0000028fb4df0000, 0x0000028fbc010000]
CodeHeap 'profiled nmethods': size=120000Kb used=12359Kb max_used=12359Kb free=107640Kb
 bounds [0x0000028fad5a0000, 0x0000028fae1c0000, 0x0000028fb4ad0000]
CodeHeap 'non-nmethods': size=5696Kb used=2253Kb max_used=2327Kb free=3442Kb
 bounds [0x0000028fad010000, 0x0000028fad280000, 0x0000028fad5a0000]
 total_blobs=6673 nmethods=5833 adapters=749
 compilation: enabled
              stopped_count=0, restarted_count=0
 full_count=0

Compilation events (20 events):
Event: 43.984 Thread 0x0000028fc39d0800 5844       3       java.util.Vector::<init> (7 bytes)
Event: 43.985 Thread 0x0000028fc39d0800 nmethod 5844 0x0000028fae1a7110 code [0x0000028fae1a72c0, 0x0000028fae1a73e8]
Event: 43.985 Thread 0x0000028fc39d0800 5845       3       java.util.Vector::<init> (49 bytes)
Event: 43.986 Thread 0x0000028fc39d0800 nmethod 5845 0x0000028fae1a7490 code [0x0000028fae1a7720, 0x0000028fae1a81b8]
Event: 43.996 Thread 0x0000028fc39d0800 5846       3       java.util.zip.Inflater::inflate (9 bytes)
Event: 43.997 Thread 0x0000028fc39d0800 nmethod 5846 0x0000028fae1a8590 code [0x0000028fae1a8740, 0x0000028fae1a8888]
Event: 44.000 Thread 0x0000028fc39d0800 5847       3       jdk.internal.misc.Unsafe::getCharUnaligned (12 bytes)
Event: 44.001 Thread 0x0000028fc39d0800 nmethod 5847 0x0000028fae1a8990 code [0x0000028fae1a8b40, 0x0000028fae1a8d78]
Event: 44.001 Thread 0x0000028fc39d0800 5850       3       java.nio.HeapByteBuffer::getChar (25 bytes)
Event: 44.001 Thread 0x0000028fc39d0800 nmethod 5850 0x0000028fae1a8e90 code [0x0000028fae1a9080, 0x0000028fae1a94e8]
Event: 44.001 Thread 0x0000028fc39d0800 5848       3       jdk.internal.misc.Unsafe::getCharUnaligned (34 bytes)
Event: 44.002 Thread 0x0000028fc39d0800 nmethod 5848 0x0000028fae1a9710 code [0x0000028fae1a98e0, 0x0000028fae1a9c78]
Event: 44.002 Thread 0x0000028fc39d0800 5852       3       jdk.internal.misc.Unsafe::convEndian (16 bytes)
Event: 44.002 Thread 0x0000028fc39d0800 nmethod 5852 0x0000028fae1a9e10 code [0x0000028fae1a9fc0, 0x0000028fae1aa178]
Event: 44.002 Thread 0x0000028fc39d0800 5853       3       java.lang.Character::reverseBytes (14 bytes)
Event: 44.002 Thread 0x0000028fc39d0800 nmethod 5853 0x0000028fae1aa210 code [0x0000028fae1aa3c0, 0x0000028fae1aa4b8]
Event: 44.005 Thread 0x0000028fc39d0800 5855       3       java.lang.StringUTF16::putChar (54 bytes)
Event: 44.006 Thread 0x0000028fc39d0800 nmethod 5855 0x0000028fae1aa590 code [0x0000028fae1aa740, 0x0000028fae1aa878]
Event: 44.009 Thread 0x0000028fc39d0800 5857       3       java.lang.CharacterDataLatin1::isWhitespace (23 bytes)
Event: 44.009 Thread 0x0000028fc39d0800 nmethod 5857 0x0000028fae1aa990 code [0x0000028fae1aab40, 0x0000028fae1aad38]

GC Heap History (18 events):
Event: 3.370 GC heap before
{Heap before GC invocations=0 (full 0):
 garbage-first heap   total 262144K, used 19456K [0x0000000080000000, 0x0000000100000000)
  region size 1024K, 14 young (14336K), 0 survivors (0K)
 Metaspace       used 6742K, capacity 6929K, committed 7168K, reserved 1056768K
  class space    used 582K, capacity 650K, committed 768K, reserved 1048576K
}
Event: 3.467 GC heap after
{Heap after GC invocations=1 (full 0):
 garbage-first heap   total 262144K, used 8157K [0x0000000080000000, 0x0000000100000000)
  region size 1024K, 2 young (2048K), 2 survivors (2048K)
 Metaspace       used 6742K, capacity 6929K, committed 7168K, reserved 1056768K
  class space    used 582K, capacity 650K, committed 768K, reserved 1048576K
}
Event: 5.418 GC heap before
{Heap before GC invocations=1 (full 0):
 garbage-first heap   total 262144K, used 27613K [0x0000000080000000, 0x0000000100000000)
  region size 1024K, 21 young (21504K), 2 survivors (2048K)
 Metaspace       used 10700K, capacity 10883K, committed 11008K, reserved 1058816K
  class space    used 1123K, capacity 1206K, committed 1280K, reserved 1048576K
}
Event: 5.423 GC heap after
{Heap after GC invocations=2 (full 0):
 garbage-first heap   total 262144K, used 9608K [0x0000000080000000, 0x0000000100000000)
  region size 1024K, 2 young (2048K), 2 survivors (2048K)
 Metaspace       used 10700K, capacity 10883K, committed 11008K, reserved 1058816K
  class space    used 1123K, capacity 1206K, committed 1280K, reserved 1048576K
}
Event: 6.960 GC heap before
{Heap before GC invocations=2 (full 0):
 garbage-first heap   total 262144K, used 36232K [0x0000000080000000, 0x0000000100000000)
  region size 1024K, 28 young (28672K), 2 survivors (2048K)
 Metaspace       used 10850K, capacity 11075K, committed 11264K, reserved 1058816K
  class space    used 1126K, capacity 1206K, committed 1280K, reserved 1048576K
}
Event: 6.966 GC heap after
{Heap after GC invocations=3 (full 0):
 garbage-first heap   total 262144K, used 13562K [0x0000000080000000, 0x0000000100000000)
  region size 1024K, 4 young (4096K), 4 survivors (4096K)
 Metaspace       used 10850K, capacity 11075K, committed 11264K, reserved 1058816K
  class space    used 1126K, capacity 1206K, committed 1280K, reserved 1048576K
}
Event: 13.948 GC heap before
{Heap before GC invocations=3 (full 0):
 garbage-first heap   total 262144K, used 59642K [0x0000000080000000, 0x0000000100000000)
  region size 1024K, 49 young (50176K), 4 survivors (4096K)
 Metaspace       used 18964K, capacity 19394K, committed 19712K, reserved 1067008K
  class space    used 2282K, capacity 2435K, committed 2560K, reserved 1048576K
}
Event: 13.960 GC heap after
{Heap after GC invocations=4 (full 0):
 garbage-first heap   total 262144K, used 16618K [0x0000000080000000, 0x0000000100000000)
  region size 1024K, 6 young (6144K), 6 survivors (6144K)
 Metaspace       used 18964K, capacity 19394K, committed 19712K, reserved 1067008K
  class space    used 2282K, capacity 2435K, committed 2560K, reserved 1048576K
}
Event: 14.543 GC heap before
{Heap before GC invocations=4 (full 0):
 garbage-first heap   total 262144K, used 29930K [0x0000000080000000, 0x0000000100000000)
  region size 1024K, 20 young (20480K), 6 survivors (6144K)
 Metaspace       used 20627K, capacity 21158K, committed 21296K, reserved 1069056K
  class space    used 2513K, capacity 2688K, committed 2688K, reserved 1048576K
}
Event: 14.554 GC heap after
{Heap after GC invocations=5 (full 0):
 garbage-first heap   total 262144K, used 17215K [0x0000000080000000, 0x0000000100000000)
  region size 1024K, 4 young (4096K), 4 survivors (4096K)
 Metaspace       used 20627K, capacity 21158K, committed 21296K, reserved 1069056K
  class space    used 2513K, capacity 2688K, committed 2688K, reserved 1048576K
}
Event: 17.960 GC heap before
{Heap before GC invocations=6 (full 0):
 garbage-first heap   total 262144K, used 73535K [0x0000000080000000, 0x0000000100000000)
  region size 1024K, 59 young (60416K), 4 survivors (4096K)
 Metaspace       used 26159K, capacity 26821K, committed 26928K, reserved 1073152K
  class space    used 3425K, capacity 3666K, committed 3712K, reserved 1048576K
}
Event: 17.977 GC heap after
{Heap after GC invocations=7 (full 0):
 garbage-first heap   total 262144K, used 19066K [0x0000000080000000, 0x0000000100000000)
  region size 1024K, 6 young (6144K), 6 survivors (6144K)
 Metaspace       used 26159K, capacity 26821K, committed 26928K, reserved 1073152K
  class space    used 3425K, capacity 3666K, committed 3712K, reserved 1048576K
}
Event: 23.355 GC heap before
{Heap before GC invocations=7 (full 0):
 garbage-first heap   total 262144K, used 72314K [0x0000000080000000, 0x0000000100000000)
  region size 1024K, 59 young (60416K), 6 survivors (6144K)
 Metaspace       used 34806K, capacity 35646K, committed 35708K, reserved 1081344K
  class space    used 4531K, capacity 4864K, committed 4864K, reserved 1048576K
}
Event: 23.375 GC heap after
{Heap after GC invocations=8 (full 0):
 garbage-first heap   total 262144K, used 22515K [0x0000000080000000, 0x0000000100000000)
  region size 1024K, 9 young (9216K), 9 survivors (9216K)
 Metaspace       used 34806K, capacity 35646K, committed 35708K, reserved 1081344K
  class space    used 4531K, capacity 4864K, committed 4864K, reserved 1048576K
}
Event: 33.475 GC heap before
{Heap before GC invocations=9 (full 0):
 garbage-first heap   total 262144K, used 153587K [0x0000000080000000, 0x0000000100000000)
  region size 1024K, 134 young (137216K), 9 survivors (9216K)
 Metaspace       used 45343K, capacity 46486K, committed 46588K, reserved 1089536K
  class space    used 5821K, capacity 6228K, committed 6272K, reserved 1048576K
}
Event: 33.512 GC heap after
{Heap after GC invocations=10 (full 0):
 garbage-first heap   total 262144K, used 29435K [0x0000000080000000, 0x0000000100000000)
  region size 1024K, 16 young (16384K), 16 survivors (16384K)
 Metaspace       used 45343K, capacity 46486K, committed 46588K, reserved 1089536K
  class space    used 5821K, capacity 6228K, committed 6272K, reserved 1048576K
}
Event: 43.735 GC heap before
{Heap before GC invocations=10 (full 0):
 garbage-first heap   total 262144K, used 156411K [0x0000000080000000, 0x0000000100000000)
  region size 1024K, 138 young (141312K), 16 survivors (16384K)
 Metaspace       used 58388K, capacity 59850K, committed 59940K, reserved 1103872K
  class space    used 7398K, capacity 7929K, committed 7936K, reserved 1048576K
}
Event: 43.789 GC heap after
{Heap after GC invocations=11 (full 0):
 garbage-first heap   total 262144K, used 44358K [0x0000000080000000, 0x0000000100000000)
  region size 1024K, 18 young (18432K), 18 survivors (18432K)
 Metaspace       used 58388K, capacity 59850K, committed 59940K, reserved 1103872K
  class space    used 7398K, capacity 7929K, committed 7936K, reserved 1048576K
}

Deoptimization events (20 events):
Event: 43.912 Thread 0x0000028fc4efa800 Uncommon trap: trap_request=0xffffffc6 fr.pc=0x0000028fb4cb05d0 relative=0x0000000000000810
Event: 43.912 Thread 0x0000028fc4efa800 Uncommon trap: reason=bimorphic_or_optimized_type_check action=maybe_recompile pc=0x0000028fb4cb05d0 method=java.util.regex.Pattern$Start.match(Ljava/util/regex/Matcher;ILjava/lang/CharSequence;)Z @ 44 c2
Event: 43.912 Thread 0x0000028fc4efa800 DEOPT PACKING pc=0x0000028fb4cb05d0 sp=0x000000d9365f2f70
Event: 43.912 Thread 0x0000028fc4efa800 DEOPT UNPACKING pc=0x0000028fad0378af sp=0x000000d9365f2e60 mode 2
Event: 43.913 Thread 0x0000028fc4efa800 Uncommon trap: trap_request=0xffffffc6 fr.pc=0x0000028fb4cb05d0 relative=0x0000000000000810
Event: 43.913 Thread 0x0000028fc4efa800 Uncommon trap: reason=bimorphic_or_optimized_type_check action=maybe_recompile pc=0x0000028fb4cb05d0 method=java.util.regex.Pattern$Start.match(Ljava/util/regex/Matcher;ILjava/lang/CharSequence;)Z @ 44 c2
Event: 43.913 Thread 0x0000028fc4efa800 DEOPT PACKING pc=0x0000028fb4cb05d0 sp=0x000000d9365f2f70
Event: 43.913 Thread 0x0000028fc4efa800 DEOPT UNPACKING pc=0x0000028fad0378af sp=0x000000d9365f2e60 mode 2
Event: 43.913 Thread 0x0000028fc4efa800 Uncommon trap: trap_request=0xffffffc6 fr.pc=0x0000028fb4cb05d0 relative=0x0000000000000810
Event: 43.913 Thread 0x0000028fc4efa800 Uncommon trap: reason=bimorphic_or_optimized_type_check action=maybe_recompile pc=0x0000028fb4cb05d0 method=java.util.regex.Pattern$Start.match(Ljava/util/regex/Matcher;ILjava/lang/CharSequence;)Z @ 44 c2
Event: 43.913 Thread 0x0000028fc4efa800 DEOPT PACKING pc=0x0000028fb4cb05d0 sp=0x000000d9365f2f70
Event: 43.913 Thread 0x0000028fc4efa800 DEOPT UNPACKING pc=0x0000028fad0378af sp=0x000000d9365f2e60 mode 2
Event: 43.988 Thread 0x0000028fc4efa800 Uncommon trap: trap_request=0xffffff4d fr.pc=0x0000028fb4b9dea0 relative=0x0000000000000080
Event: 43.988 Thread 0x0000028fc4efa800 Uncommon trap: reason=unstable_if action=reinterpret pc=0x0000028fb4b9dea0 method=java.lang.CharacterDataLatin1.isWhitespace(I)Z @ 14 c2
Event: 43.988 Thread 0x0000028fc4efa800 DEOPT PACKING pc=0x0000028fb4b9dea0 sp=0x000000d9365f3f50
Event: 43.988 Thread 0x0000028fc4efa800 DEOPT UNPACKING pc=0x0000028fad0378af sp=0x000000d9365f3ec0 mode 2
Event: 44.005 Thread 0x0000028fc4efa800 Uncommon trap: trap_request=0xffffff4d fr.pc=0x0000028fb4b77a04 relative=0x0000000000000344
Event: 44.005 Thread 0x0000028fc4efa800 Uncommon trap: reason=unstable_if action=reinterpret pc=0x0000028fb4b77a04 method=java.lang.StringUTF16.compress([CII)[B @ 13 c2
Event: 44.005 Thread 0x0000028fc4efa800 DEOPT PACKING pc=0x0000028fb4b77a04 sp=0x000000d9365f2610
Event: 44.005 Thread 0x0000028fc4efa800 DEOPT UNPACKING pc=0x0000028fad0378af sp=0x000000d9365f24d8 mode 2

Classes redefined (0 events):
No events

Internal exceptions (20 events):
Event: 38.366 Thread 0x0000028fc54c1800 Exception <a 'java/lang/NoSuchMethodError'{0x000000008e4ba0e0}: <clinit>> (0x000000008e4ba0e0) thrown at [./src/hotspot/share/prims/jni.cpp, line 1362]
Event: 38.370 Thread 0x0000028fc54c1800 Exception <a 'java/lang/NoSuchMethodError'{0x000000008cd04b48}: <clinit>> (0x000000008cd04b48) thrown at [./src/hotspot/share/prims/jni.cpp, line 1362]
Event: 38.372 Thread 0x0000028fc54c1800 Exception <a 'java/lang/NoSuchMethodError'{0x000000008cd0ed60}: <clinit>> (0x000000008cd0ed60) thrown at [./src/hotspot/share/prims/jni.cpp, line 1362]
Event: 38.388 Thread 0x0000028fc54c1800 Exception <a 'java/lang/NoSuchMethodError'{0x000000008cd225d0}: <clinit>> (0x000000008cd225d0) thrown at [./src/hotspot/share/prims/jni.cpp, line 1362]
Event: 38.419 Thread 0x0000028fc4efa800 Exception <a 'java/lang/ClassNotFoundException'{0x000000008cef5f18}: build_ddz2oyq6pbyd33ukmdoz9u2rbBeanInfo> (0x000000008cef5f18) thrown at [./src/hotspot/share/classfile/systemDictionary.cpp, line 231]
Event: 38.419 Thread 0x0000028fc4efa800 Exception <a 'java/lang/ClassNotFoundException'{0x000000008cd31c08}: build_ddz2oyq6pbyd33ukmdoz9u2rbCustomizer> (0x000000008cd31c08) thrown at [./src/hotspot/share/classfile/systemDictionary.cpp, line 231]
Event: 38.435 Thread 0x0000028fc4efa800 Exception <a 'java/lang/ClassNotFoundException'{0x000000008cdb1fe8}: org/gradle/plugin/use/internal/PluginRequestCollector$PluginDependenciesSpecImplBeanInfo> (0x000000008cdb1fe8) thrown at [./src/hotspot/share/classfile/systemDictionary.cpp, line 231]
Event: 38.437 Thread 0x0000028fc4efa800 Exception <a 'java/lang/ClassNotFoundException'{0x000000008cddfe98}: org/gradle/plugin/use/internal/PluginRequestCollector$PluginDependenciesSpecImplCustomizer> (0x000000008cddfe98) thrown at [./src/hotspot/share/classfile/systemDictionary.cpp, line 231]
Event: 38.588 Thread 0x0000028fc4efa800 Exception <a 'java/lang/ClassNotFoundException'{0x000000008ca5cfc8}: org/gradle/api/internal/plugins/DefaultObjectConfigurationActionBeanInfo> (0x000000008ca5cfc8) thrown at [./src/hotspot/share/classfile/systemDictionary.cpp, line 231]
Event: 38.590 Thread 0x0000028fc4efa800 Exception <a 'java/lang/ClassNotFoundException'{0x000000008ca905b8}: org/gradle/api/internal/plugins/DefaultObjectConfigurationActionCustomizer> (0x000000008ca905b8) thrown at [./src/hotspot/share/classfile/systemDictionary.cpp, line 231]
Event: 39.414 Thread 0x0000028fc4efa800 Exception <a 'java/lang/NoSuchMethodError'{0x000000008c05e6d8}: 'java.lang.Object java.lang.invoke.DirectMethodHandle$Holder.invokeStatic(java.lang.Object, java.lang.Object, java.lang.Object, java.lang.Object, int)'> (0x000000008c05e6d8) thrown at [./src/hotspot/share/interpreter/linkResolver.cpp, line 773]
Event: 39.415 Thread 0x0000028fc4efa800 Exception <a 'java/lang/NoSuchMethodError'{0x000000008c0630d0}: 'java.lang.Object java.lang.invoke.DirectMethodHandle$Holder.invokeSpecial(java.lang.Object, java.lang.Object, java.lang.Object, java.lang.Object, java.lang.Object, int)'> (0x000000008c0630d0) thrown at [./src/hotspot/share/interpreter/linkResolver.cpp, line 773]
Event: 39.415 Thread 0x0000028fc4efa800 Exception <a 'java/lang/NoSuchMethodError'{0x000000008c067710}: 'java.lang.Object java.lang.invoke.Invokers$Holder.linkToTargetMethod(java.lang.Object, java.lang.Object, java.lang.Object, int, java.lang.Object)'> (0x000000008c067710) thrown at [./src/hotspot/share/interpreter/linkResolver.cpp, line 773]
Event: 40.188 Thread 0x0000028fc4efa800 Exception <a 'java/lang/NoSuchMethodError'{0x000000008b2af008}: 'java.lang.Object java.lang.invoke.DirectMethodHandle$Holder.invokeSpecial(java.lang.Object, java.lang.Object, int, int, java.lang.Object, java.lang.Object, java.lang.Object)'> (0x000000008b2af008) thrown at [./src/hotspot/share/interpreter/linkResolver.cpp, line 773]
Event: 40.188 Thread 0x0000028fc4efa800 Exception <a 'java/lang/NoSuchMethodError'{0x000000008b2b3588}: 'java.lang.Object java.lang.invoke.DelegatingMethodHandle$Holder.reinvoke_L(java.lang.Object, int, int, java.lang.Object, java.lang.Object, java.lang.Object)'> (0x000000008b2b3588) thrown at [./src/hotspot/share/interpreter/linkResolver.cpp, line 773]
Event: 41.543 Thread 0x0000028fc4efa800 Exception <a 'java/lang/NoSuchMethodError'{0x000000008a61dc70}: 'int java.lang.invoke.DirectMethodHandle$Holder.invokeInterface(java.lang.Object, java.lang.Object, java.lang.Object, java.lang.Object)'> (0x000000008a61dc70) thrown at [./src/hotspot/share/interpreter/linkResolver.cpp, line 773]
Event: 42.613 Thread 0x0000028fc4efa800 Exception <a 'java/lang/NoSuchMethodError'{0x00000000897ea880}: 'void java.lang.invoke.DirectMethodHandle$Holder.invokeInterface(java.lang.Object, java.lang.Object, java.lang.Object, java.lang.Object)'> (0x00000000897ea880) thrown at [./src/hotspot/share/interpreter/linkResolver.cpp, line 773]
Event: 43.243 Thread 0x0000028fc4efa800 Exception <a 'java/lang/IncompatibleClassChangeError'{0x0000000088e58058}: Found class java.lang.Object, but interface was expected> (0x0000000088e58058) thrown at [./src/hotspot/share/interpreter/linkResolver.cpp, line 839]
Event: 43.497 Thread 0x0000028fc4efa800 Implicit null exception at 0x0000028fb4cdd5d4 to 0x0000028fb4cdd7b8
Event: 43.708 Thread 0x0000028fc4efa800 Implicit null exception at 0x0000028fb4c1458b to 0x0000028fb4c14664

Events (20 events):
Event: 44.000 loading class sun/text/normalizer/Trie2$UTrie2Header done
Event: 44.008 loading class sun/text/normalizer/Norm2AllModes$ComposeNormalizer2
Event: 44.008 loading class sun/text/normalizer/Norm2AllModes$Normalizer2WithImpl
Event: 44.008 loading class sun/text/normalizer/Norm2AllModes$Normalizer2WithImpl done
Event: 44.008 loading class sun/text/normalizer/Norm2AllModes$ComposeNormalizer2 done
Event: 44.008 loading class sun/text/normalizer/Norm2AllModes$DecomposeNormalizer2
Event: 44.008 loading class sun/text/normalizer/Norm2AllModes$DecomposeNormalizer2 done
Event: 44.009 loading class java/security/interfaces/ECKey
Event: 44.009 loading class java/security/interfaces/ECKey done
Event: 44.009 loading class java/security/interfaces/XECKey
Event: 44.009 loading class java/security/interfaces/XECKey done
Event: 44.009 loading class sun/security/util/KeyUtil
Event: 44.010 loading class sun/security/util/KeyUtil done
Event: 44.010 loading class sun/security/util/Length
Event: 44.010 loading class sun/security/util/Length done
Event: 44.010 loading class javax/crypto/SecretKey
Event: 44.010 loading class javax/security/auth/Destroyable
Event: 44.011 loading class javax/security/auth/Destroyable done
Event: 44.011 loading class javax/crypto/SecretKey done
Event: 44.011 loading class java/security/Signature


Dynamic libraries:
0x00007ff6cc1e0000 - 0x00007ff6cc1ea000 	C:\Program Files\Android\Android Studio\jre\bin\java.exe
0x00007ffebc070000 - 0x00007ffebc265000 	C:\WINDOWS\SYSTEM32\ntdll.dll
0x00007ffeba1e0000 - 0x00007ffeba29e000 	C:\WINDOWS\System32\KERNEL32.DLL
0x00007ffeb9c10000 - 0x00007ffeb9ed8000 	C:\WINDOWS\System32\KERNELBASE.dll
0x00007ffeb9780000 - 0x00007ffeb9880000 	C:\WINDOWS\System32\ucrtbase.dll
0x00007ffe98270000 - 0x00007ffe98289000 	C:\Program Files\Android\Android Studio\jre\bin\jli.dll
0x00007ffeba510000 - 0x00007ffeba6b1000 	C:\WINDOWS\System32\USER32.dll
0x00007ffeb9ee0000 - 0x00007ffeb9f02000 	C:\WINDOWS\System32\win32u.dll
0x00007ffebb160000 - 0x00007ffebb18b000 	C:\WINDOWS\System32\GDI32.dll
0x00007ffeb9f10000 - 0x00007ffeba01d000 	C:\WINDOWS\System32\gdi32full.dll
0x00007ffeb9980000 - 0x00007ffeb9a1d000 	C:\WINDOWS\System32\msvcp_win.dll
0x00007ffe98020000 - 0x00007ffe98037000 	C:\Program Files\Android\Android Studio\jre\bin\VCRUNTIME140.dll
0x00007ffe9ed10000 - 0x00007ffe9efaa000 	C:\WINDOWS\WinSxS\amd64_microsoft.windows.common-controls_6595b64144ccf1df_6.0.19041.1110_none_60b5254171f9507e\COMCTL32.dll
0x00007ffebb260000 - 0x00007ffebb2fe000 	C:\WINDOWS\System32\msvcrt.dll
0x00007ffeba4e0000 - 0x00007ffeba510000 	C:\WINDOWS\System32\IMM32.DLL
0x00007ffe78220000 - 0x00007ffe782bd000 	C:\Program Files\Android\Android Studio\jre\bin\msvcp140.dll
0x00007ffe68d70000 - 0x00007ffe6983f000 	C:\Program Files\Android\Android Studio\jre\bin\server\jvm.dll
0x00007ffeba7c0000 - 0x00007ffeba86e000 	C:\WINDOWS\System32\ADVAPI32.dll
0x00007ffeba720000 - 0x00007ffeba7bc000 	C:\WINDOWS\System32\sechost.dll
0x00007ffeba0b0000 - 0x00007ffeba1d5000 	C:\WINDOWS\System32\RPCRT4.dll
0x00007ffeba3d0000 - 0x00007ffeba3d8000 	C:\WINDOWS\System32\PSAPI.DLL
0x00007ffe9f500000 - 0x00007ffe9f509000 	C:\WINDOWS\SYSTEM32\WSOCK32.dll
0x00007ffeba470000 - 0x00007ffeba4db000 	C:\WINDOWS\System32\WS2_32.dll
0x00007ffea0c50000 - 0x00007ffea0c77000 	C:\WINDOWS\SYSTEM32\WINMM.dll
0x00007ffeb84a0000 - 0x00007ffeb84aa000 	C:\WINDOWS\SYSTEM32\VERSION.dll
0x00007ffeb8130000 - 0x00007ffeb8142000 	C:\WINDOWS\SYSTEM32\kernel.appcore.dll
0x00007ffea40d0000 - 0x00007ffea40e1000 	C:\Program Files\Android\Android Studio\jre\bin\verify.dll
0x00007ffeb7ca0000 - 0x00007ffeb7e84000 	C:\WINDOWS\SYSTEM32\DBGHELP.DLL
0x00007ffe9f510000 - 0x00007ffe9f53c000 	C:\WINDOWS\SYSTEM32\dbgcore.DLL
0x00007ffeba020000 - 0x00007ffeba0a2000 	C:\WINDOWS\System32\bcryptPrimitives.dll
0x00007ffe9c7b0000 - 0x00007ffe9c7d9000 	C:\Program Files\Android\Android Studio\jre\bin\java.dll
0x00007ffea4040000 - 0x00007ffea404b000 	C:\Program Files\Android\Android Studio\jre\bin\jimage.dll
0x00007ffe99d50000 - 0x00007ffe99d68000 	C:\Program Files\Android\Android Studio\jre\bin\zip.dll
0x00007ffeba870000 - 0x00007ffebafb4000 	C:\WINDOWS\System32\SHELL32.dll
0x00007ffeb7500000 - 0x00007ffeb7c95000 	C:\WINDOWS\SYSTEM32\windows.storage.dll
0x00007ffebbcd0000 - 0x00007ffebc025000 	C:\WINDOWS\System32\combase.dll
0x00007ffeb9160000 - 0x00007ffeb918e000 	C:\WINDOWS\SYSTEM32\Wldp.dll
0x00007ffebb030000 - 0x00007ffebb0dd000 	C:\WINDOWS\System32\SHCORE.dll
0x00007ffebb370000 - 0x00007ffebb3c5000 	C:\WINDOWS\System32\shlwapi.dll
0x00007ffeb96c0000 - 0x00007ffeb96df000 	C:\WINDOWS\SYSTEM32\profapi.dll
0x00007ffe99080000 - 0x00007ffe9909a000 	C:\Program Files\Android\Android Studio\jre\bin\net.dll
0x00007ffeab1c0000 - 0x00007ffeab2cc000 	C:\WINDOWS\SYSTEM32\WINHTTP.dll
0x00007ffeb8ec0000 - 0x00007ffeb8f2a000 	C:\WINDOWS\system32\mswsock.dll
0x00007ffe99060000 - 0x00007ffe99074000 	C:\Program Files\Android\Android Studio\jre\bin\nio.dll
0x00007ffe98360000 - 0x00007ffe98387000 	C:\Users\Vedran\.gradle\native\8bec1ad78214c89d9ad589b4d07fe93259594b29d510b10fafb7a158f7737e5d\windows-amd64\native-platform.dll
0x00007ffe88120000 - 0x00007ffe8825d000 	C:\Users\Vedran\.gradle\native\53dbd7edfb1c66fb8903c78663c9afc45aea4f116125fa6feffd364cf09443e8\windows-amd64\native-platform-file-events.dll
0x00007ffe9e3e0000 - 0x00007ffe9e3ea000 	C:\Program Files\Android\Android Studio\jre\bin\management.dll
0x00007ffe9e390000 - 0x00007ffe9e39c000 	C:\Program Files\Android\Android Studio\jre\bin\management_ext.dll
0x00007ffeb90b0000 - 0x00007ffeb90c8000 	C:\WINDOWS\SYSTEM32\CRYPTSP.dll
0x00007ffeb8840000 - 0x00007ffeb8874000 	C:\WINDOWS\system32\rsaenh.dll
0x00007ffeb9a80000 - 0x00007ffeb9aa7000 	C:\WINDOWS\System32\bcrypt.dll
0x00007ffeb9680000 - 0x00007ffeb96ae000 	C:\WINDOWS\SYSTEM32\USERENV.dll
0x00007ffeb90d0000 - 0x00007ffeb90dc000 	C:\WINDOWS\SYSTEM32\CRYPTBASE.dll
0x00007ffeb8bb0000 - 0x00007ffeb8beb000 	C:\WINDOWS\SYSTEM32\IPHLPAPI.DLL
0x00007ffebb300000 - 0x00007ffebb308000 	C:\WINDOWS\System32\NSI.dll
0x00007ffeb0390000 - 0x00007ffeb03a7000 	C:\WINDOWS\SYSTEM32\dhcpcsvc6.DLL
0x00007ffeb0370000 - 0x00007ffeb038d000 	C:\WINDOWS\SYSTEM32\dhcpcsvc.DLL
0x00007ffeb8bf0000 - 0x00007ffeb8cbb000 	C:\WINDOWS\SYSTEM32\DNSAPI.dll

dbghelp: loaded successfully - version: 4.0.5 - missing functions: none
symbol engine: initialized successfully - sym options: 0x614 - pdb path: .;C:\Program Files\Android\Android Studio\jre\bin;C:\WINDOWS\SYSTEM32;C:\WINDOWS\WinSxS\amd64_microsoft.windows.common-controls_6595b64144ccf1df_6.0.19041.1110_none_60b5254171f9507e;C:\Program Files\Android\Android Studio\jre\bin\server;C:\Users\Vedran\.gradle\native\8bec1ad78214c89d9ad589b4d07fe93259594b29d510b10fafb7a158f7737e5d\windows-amd64;C:\Users\Vedran\.gradle\native\53dbd7edfb1c66fb8903c78663c9afc45aea4f116125fa6feffd364cf09443e8\windows-amd64

VM Arguments:
jvm_args: --add-opens=java.base/java.util=ALL-UNNAMED --add-opens=java.base/java.lang=ALL-UNNAMED --add-opens=java.base/java.lang.invoke=ALL-UNNAMED --add-opens=java.base/java.util=ALL-UNNAMED --add-opens=java.prefs/java.util.prefs=ALL-UNNAMED --add-opens=java.prefs/java.util.prefs=ALL-UNNAMED --add-opens=java.base/java.nio.charset=ALL-UNNAMED --add-opens=java.base/java.net=ALL-UNNAMED --add-opens=java.base/java.util.concurrent.atomic=ALL-UNNAMED -Xmx2048m -Dfile.encoding=UTF-8 -Duser.country=US -Duser.language=en -Duser.variant 
java_command: org.gradle.launcher.daemon.bootstrap.GradleDaemon 7.0.2
java_class_path (initial): C:\Users\Vedran\.gradle\wrapper\dists\gradle-7.0.2-bin\857tjihv64xamwrf0h14cai3r\gradle-7.0.2\lib\gradle-launcher-7.0.2.jar
Launcher Type: SUN_STANDARD

[Global flags]
     intx CICompilerCount                          = 3                                         {product} {ergonomic}
     uint ConcGCThreads                            = 1                                         {product} {ergonomic}
     uint G1ConcRefinementThreads                  = 4                                         {product} {ergonomic}
   size_t G1HeapRegionSize                         = 1048576                                   {product} {ergonomic}
    uintx GCDrainStackTargetSize                   = 64                                        {product} {ergonomic}
   size_t InitialHeapSize                          = 268435456                                 {product} {ergonomic}
   size_t MarkStackSize                            = 4194304                                   {product} {ergonomic}
   size_t MaxHeapSize                              = 2147483648                                {product} {command line}
   size_t MaxNewSize                               = 1287651328                                {product} {ergonomic}
   size_t MinHeapDeltaBytes                        = 1048576                                   {product} {ergonomic}
    uintx NonNMethodCodeHeapSize                   = 5830732                                {pd product} {ergonomic}
    uintx NonProfiledCodeHeapSize                  = 122913754                              {pd product} {ergonomic}
    uintx ProfiledCodeHeapSize                     = 122913754                              {pd product} {ergonomic}
    uintx ReservedCodeCacheSize                    = 251658240                              {pd product} {ergonomic}
     bool SegmentedCodeCache                       = true                                      {product} {ergonomic}
     bool UseCompressedClassPointers               = true                                 {lp64_product} {ergonomic}
     bool UseCompressedOops                        = true                                 {lp64_product} {ergonomic}
     bool UseG1GC                                  = true                                      {product} {ergonomic}
     bool UseLargePagesIndividualAllocation        = false                                  {pd product} {ergonomic}

Logging:
Log output configuration:
 #0: stdout all=warning uptime,level,tags
 #1: stderr all=off uptime,level,tags

Environment Variables:
PATH=C:\Program Files (x86)\VMware\VMware Player\bin\;C:\ProgramData\Oracle\Java\javapath;C:\WINDOWS\system32;C:\WINDOWS;C:\WINDOWS\System32\Wbem;C:\WINDOWS\System32\WindowsPowerShell\v1.0\;c:\Program Files (x86)\Microsoft SQL Server\100\Tools\Binn\;c:\Program Files\Microsoft SQL Server\100\Tools\Binn\;c:\Program Files\Microsoft SQL Server\100\DTS\Binn\;C:\Python27;C:\WINDOWS\System32\OpenSSH\;C:\Program Files\MATLAB\R2019a\bin;C:\PostgreSQL\pg10\bin;C:\Program Files\Git\cmd;C:\Program Files\dotnet\;C:\Program Files\nodejs\;C:\Program Files (x86)\Microsoft Visual Studio\2019\Community\Common7\IDE\CommonExtensions\Microsoft\CMake\CMake\bin\;C:\Ninja;C:\Program Files (x86)\ZeroTier\One\;C:\Program Files\bladeRF\x64;C:\Users\Vedran\AppData\Local\Programs\Python\Python36-32\Scripts\;C:\Users\Vedran\AppData\Local\Programs\Python\Python36-32\;C:\Users\Vedran\AppData\Local\Microsoft\WindowsApps;C:\Users\Vedran\AppData\Roaming\npm;
USERNAME=Vedran
OS=Windows_NT
PROCESSOR_IDENTIFIER=Intel64 Family 6 Model 78 Stepping 3, GenuineIntel



---------------  S Y S T E M  ---------------

OS: Windows 10 , 64 bit Build 19041 (10.0.19041.1466)
OS uptime: 7 days 19:42 hours

CPU:total 4 (initial active 4) (2 cores per cpu, 2 threads per core) family 6 model 78 stepping 3 microcode 0xcc, cmov, cx8, fxsr, mmx, sse, sse2, sse3, ssse3, sse4.1, sse4.2, popcnt, avx, avx2, aes, clmul, erms, rtm, 3dnowpref, lzcnt, ht, tsc, tscinvbit, bmi1, bmi2, adx, fma

Memory: 4k page, system-wide physical 16264M (337M free)
TotalPageFile size 24002M (AvailPageFile size 16M)
current process WorkingSet (physical memory assigned to process): 378M, peak: 378M
current process commit charge ("private bytes"): 483M, peak: 488M

vm_info: OpenJDK 64-Bit Server VM (11.0.10+0-b96-7249189) for windows-amd64 JRE (11.0.10+0-b96-7249189), built on Mar 31 2021 21:44:00 by "builder" with MS VC++ 14.0 (VS2015)

END.
